<?xml version="1.0" encoding="utf-8"?><testsuites name="pytest tests"><testsuite name="pytest" errors="0" failures="0" skipped="8" tests="341" time="9.217" timestamp="2025-08-10T18:58:32.305693-06:00" hostname="Alexs-MacBook-Pro.local"><testcase classname="tests.integration.test_pipeline_integration.TestPipelineIntegration" name="test_java_file_parsing" time="0.009" /><testcase classname="tests.integration.test_pipeline_integration.TestPipelineIntegration" name="test_interface_parsing" time="0.006" /><testcase classname="tests.integration.test_pipeline_integration.TestPipelineIntegration" name="test_end_to_end_pipeline" time="0.000"><skipped type="pytest.skip" message="Requires Neo4j connection and full pipeline setup">/Users/alexwoolford/neo4j-code-graph/tests/integration/test_pipeline_integration.py:200: Requires Neo4j connection and full pipeline setup</skipped></testcase><testcase classname="tests.integration.test_pipeline_integration.TestPipelineIntegration" name="test_schema_creation" time="0.185"><skipped type="pytest.skip" message="Neo4j multi-database not available; skipping test-database setup">/Users/alexwoolford/neo4j-code-graph/tests/integration/test_pipeline_integration.py:207: Neo4j multi-database not available; skipping test-database setup</skipped></testcase><testcase classname="tests.integration.test_pipeline_integration.TestPipelineIntegration" name="test_import_extraction" time="0.010" /><testcase classname="tests.integration.test_pipeline_integration.TestPipelineIntegration" name="test_method_signature_extraction" time="0.009" /><testcase classname="tests.integration.test_pipeline_integration.TestPipelineIntegration" name="test_complexity_metrics" time="0.009" /><testcase classname="tests.integration.test_pipeline_integration.TestRealWorldScenarios" name="test_error_handling_with_malformed_java" time="0.002" /><testcase classname="tests.integration.test_pipeline_integration.TestRealWorldScenarios" name="test_large_file_handling" time="0.074" /><testcase classname="tests.integration.test_pipeline_integration.TestRealWorldScenarios" name="test_nested_package_structure" time="0.005" /><testcase classname="tests.security.test_precise_gav_matching.TestGAVCoordinate" name="test_gav_coordinate_creation" time="0.001" /><testcase classname="tests.security.test_precise_gav_matching.TestGAVCoordinate" name="test_version_range_handling" time="0.001" /><testcase classname="tests.security.test_precise_gav_matching.TestVersionMatching" name="test_version_within_vulnerable_range" time="0.001" /><testcase classname="tests.security.test_precise_gav_matching.TestVersionMatching" name="test_version_excluding_constraints" time="0.001" /><testcase classname="tests.security.test_precise_gav_matching.TestCVEMatching" name="test_exact_match_vulnerable_log4j" time="0.001" /><testcase classname="tests.security.test_precise_gav_matching.TestCVEMatching" name="test_no_match_fixed_log4j" time="0.001" /><testcase classname="tests.security.test_precise_gav_matching.TestCVEMatching" name="test_no_false_positive_different_artifact" time="0.001" /><testcase classname="tests.security.test_precise_gav_matching.TestCVEMatching" name="test_spring_cve_matching" time="0.001" /><testcase classname="tests.security.test_precise_gav_matching.TestFalsePositivePrevention" name="test_similar_names_no_false_match" time="0.001" /><testcase classname="tests.security.test_precise_gav_matching.TestFalsePositivePrevention" name="test_version_boundary_precision" time="0.001" /><testcase classname="tests.security.test_precise_gav_matching.TestFalsePositivePrevention" name="test_generic_names_require_group_validation" time="0.001" /><testcase classname="tests.security.test_precise_gav_matching.TestIntegrationScenarios" name="test_real_world_dependency_list" time="0.001" /><testcase classname="tests.security.test_precise_gav_matching" name="test_compare_with_old_matching" time="0.001" /><testcase classname="tests.test_calls_extraction_multifile" name="test_calls_across_two_files" time="0.007" /><testcase classname="tests.test_calls_extraction_real" name="test_calls_across_two_classes_in_one_file" time="0.002" /><testcase classname="tests.test_centrality_analysis.TestArgumentParsing" name="test_parse_args_with_defaults" time="0.001" /><testcase classname="tests.test_centrality_analysis.TestArgumentParsing" name="test_parse_args_with_custom_algorithms" time="0.001" /><testcase classname="tests.test_centrality_analysis.TestArgumentParsing" name="test_parse_args_invalid_algorithm" time="0.001" /><testcase classname="tests.test_centrality_analysis.TestCallGraphValidation" name="test_check_call_graph_exists_with_data" time="0.002" /><testcase classname="tests.test_centrality_analysis.TestCallGraphValidation" name="test_check_call_graph_exists_no_data" time="0.001" /><testcase classname="tests.test_centrality_analysis.TestCallGraphValidation" name="test_check_call_graph_exists_database_error" time="0.001" /><testcase classname="tests.test_centrality_analysis.TestCallGraphValidation" name="test_check_call_graph_exists_empty_result" time="0.002" /><testcase classname="tests.test_centrality_analysis.TestGraphProjectionCreation" name="test_create_call_graph_projection_new_graph" time="0.002" /><testcase classname="tests.test_centrality_analysis.TestGraphProjectionCreation" name="test_create_call_graph_projection_existing_graph" time="0.001" /><testcase classname="tests.test_centrality_analysis.TestGraphProjectionCreation" name="test_create_call_graph_projection_recreation" time="0.002" /><testcase classname="tests.test_centrality_analysis.TestGraphProjectionCreation" name="test_create_call_graph_projection_creation_failure" time="0.001" /><testcase classname="tests.test_centrality_analysis.TestPageRankAnalysis" name="test_run_pagerank_analysis_stream_mode" time="0.004" /><testcase classname="tests.test_centrality_analysis.TestPageRankAnalysis" name="test_run_pagerank_analysis_write_back_mode" time="0.002" /><testcase classname="tests.test_centrality_analysis.TestPageRankAnalysis" name="test_run_pagerank_analysis_empty_results" time="0.001" /><testcase classname="tests.test_centrality_analysis.TestPageRankAnalysis" name="test_run_pagerank_analysis_algorithm_failure" time="0.001" /><testcase classname="tests.test_centrality_analysis.TestBetweennessAnalysis" name="test_run_betweenness_analysis_stream_mode" time="0.002" /><testcase classname="tests.test_centrality_analysis.TestBetweennessAnalysis" name="test_run_betweenness_analysis_write_back_mode" time="0.001" /><testcase classname="tests.test_centrality_analysis.TestDegreeAnalysis" name="test_run_degree_analysis_success" time="0.001" /><testcase classname="tests.test_centrality_analysis.TestDegreeAnalysis" name="test_run_degree_analysis_empty_results" time="0.001" /><testcase classname="tests.test_centrality_analysis.TestHITSAnalysis" name="test_run_hits_analysis_success" time="0.002" /><testcase classname="tests.test_centrality_analysis.TestHITSAnalysis" name="test_run_hits_analysis_algorithm_failure" time="0.001" /><testcase classname="tests.test_centrality_analysis.TestHITSAnalysis" name="test_run_hits_analysis_empty_results" time="0.002" /><testcase classname="tests.test_centrality_analysis.TestAnalysisSummarization" name="test_summarize_analysis_complete_results" time="0.001" /><testcase classname="tests.test_centrality_analysis.TestAnalysisSummarization" name="test_summarize_analysis_partial_results" time="0.001" /><testcase classname="tests.test_centrality_analysis.TestAnalysisSummarization" name="test_summarize_analysis_empty_results" time="0.001" /><testcase classname="tests.test_centrality_analysis.TestAnalysisSummarization" name="test_summarize_analysis_missing_class_names" time="0.001" /><testcase classname="tests.test_centrality_analysis.TestMainFunction" name="test_main_insufficient_methods" time="0.003" /><testcase classname="tests.test_centrality_analysis.TestMainFunction" name="test_main_no_call_relationships" time="0.003" /><testcase classname="tests.test_centrality_analysis.TestMainFunction" name="test_main_successful_analysis" time="0.006" /><testcase classname="tests.test_centrality_analysis.TestEdgeCasesAndErrorHandling" name="test_node_details_query_failure" time="0.001" /><testcase classname="tests.test_centrality_analysis.TestEdgeCasesAndErrorHandling" name="test_algorithm_with_zero_scores" time="0.003" /><testcase classname="tests.test_centrality_analysis.TestEdgeCasesAndErrorHandling" name="test_large_dataset_handling" time="0.008" /><testcase classname="tests.test_centrality_analysis.TestEdgeCasesAndErrorHandling" name="test_malformed_dataframe_results" time="0.001" /><testcase classname="tests.test_centrality_sanity" name="test_degree_query_shape" time="0.001" /><testcase classname="tests.test_cleanup_complete" name="test_complete_reset_dry_run_shows_counts" time="0.001" /><testcase classname="tests.test_cleanup_complete" name="test_complete_reset_handles_empty_database" time="0.001" /><testcase classname="tests.test_cleanup_complete" name="test_parse_args_includes_complete_options" time="0.001" /><testcase classname="tests.test_cli_scripts.TestCLIScriptImportability" name="test_git_history_script_import" time="0.686" /><testcase classname="tests.test_cli_scripts.TestCLIScriptImportability" name="test_code_to_graph_script_import" time="0.155" /><testcase classname="tests.test_cli_scripts.TestCLIScriptImportability" name="test_similarity_script_import" time="0.156" /><testcase classname="tests.test_cli_scripts.TestCLIScriptImportability" name="test_centrality_script_import" time="0.148" /><testcase classname="tests.test_cli_scripts.TestCLIScriptImportability" name="test_cleanup_script_import" time="0.588" /><testcase classname="tests.test_cli_scripts.TestCLIScriptImportability" name="test_all_scripts_importable[git_history_to_graph.py]" time="0.688" /><testcase classname="tests.test_cli_scripts.TestCLIScriptImportability" name="test_all_scripts_importable[code_to_graph.py]" time="0.150" /><testcase classname="tests.test_cli_scripts.TestCLIScriptImportability" name="test_all_scripts_importable[create_method_similarity.py]" time="0.149" /><testcase classname="tests.test_cli_scripts.TestCLIScriptImportability" name="test_all_scripts_importable[centrality_analysis.py]" time="0.153" /><testcase classname="tests.test_cli_scripts.TestCLIScriptImportability" name="test_all_scripts_importable[cleanup_graph.py]" time="0.609" /><testcase classname="tests.test_cli_scripts.TestCLIScriptImportability" name="test_all_scripts_importable[cve_analysis.py]" time="0.706" /><testcase classname="tests.test_cli_scripts.TestCLIScriptImportability" name="test_all_scripts_importable[schema_management.py]" time="0.618" /><testcase classname="tests.test_cli_scripts.TestLibraryModuleImportability" name="test_git_analysis_module_import" time="0.002" /><testcase classname="tests.test_cli_scripts.TestLibraryModuleImportability" name="test_code_analysis_module_import" time="0.001" /><testcase classname="tests.test_cli_scripts.TestLibraryModuleImportability" name="test_similarity_module_import" time="0.001" /><testcase classname="tests.test_cli_scripts.TestConditionalImportPatterns" name="test_conditional_import_from_script_context" time="0.763" /><testcase classname="tests.test_cli_scripts.TestConditionalImportPatterns" name="test_conditional_import_from_module_context" time="0.002" /><testcase classname="tests.test_cli_smoke_imports" name="test_wrappers_help_execute_without_import_errors" time="0.476" /><testcase classname="tests.test_cli_smoke_imports" name="test_analysis_modules_import_via_runpath_without_main_execution" time="0.004" /><testcase classname="tests.test_cli_smoke_imports" name="test_analysis_modules_import_as_package_with_src_on_syspath" time="0.002" /><testcase classname="tests.test_code_analysis_batching" name="test_file_node_batching" time="0.108" /><testcase classname="tests.test_code_to_graph" name="test_code_to_graph_imports" time="0.001" /><testcase classname="tests.test_common_utils_comprehensive.TestSetupLogging" name="test_setup_logging_default_level" time="0.001" /><testcase classname="tests.test_common_utils_comprehensive.TestSetupLogging" name="test_setup_logging_debug_level" time="0.001" /><testcase classname="tests.test_common_utils_comprehensive.TestSetupLogging" name="test_setup_logging_with_integer_level" time="0.001" /><testcase classname="tests.test_common_utils_comprehensive.TestSetupLogging" name="test_setup_logging_invalid_level" time="0.001" /><testcase classname="tests.test_common_utils_comprehensive.TestSetupLogging" name="test_setup_logging_format_structure" time="0.001" /><testcase classname="tests.test_common_utils_comprehensive.TestSetupLogging" name="test_setup_logging_with_file_handler" time="0.001" /><testcase classname="tests.test_common_utils_comprehensive.TestSetupLogging" name="test_setup_logging_case_insensitive_level" time="0.001" /><testcase classname="tests.test_common_utils_comprehensive.TestAddCommonArgs" name="test_add_common_args_basic" time="0.001" /><testcase classname="tests.test_common_utils_comprehensive.TestAddCommonArgs" name="test_add_common_args_default_values" time="0.001" /><testcase classname="tests.test_common_utils_comprehensive.TestAddCommonArgs" name="test_add_common_args_override_values" time="0.001" /><testcase classname="tests.test_common_utils_comprehensive.TestAddCommonArgs" name="test_add_common_args_help_text" time="0.001" /><testcase classname="tests.test_common_utils_comprehensive.TestAddCommonArgs" name="test_add_common_args_multiple_parsers" time="0.001" /><testcase classname="tests.test_common_utils_comprehensive.TestAddCommonArgs" name="test_add_common_args_with_existing_args" time="0.001" /><testcase classname="tests.test_common_utils_comprehensive.TestUtilityFunctionIntegration" name="test_logging_and_args_integration" time="0.001" /><testcase classname="tests.test_common_utils_comprehensive.TestUtilityFunctionIntegration" name="test_environment_variable_fallback" time="0.001" /><testcase classname="tests.test_common_utils_comprehensive.TestUtilityFunctionIntegration" name="test_argument_validation_patterns" time="0.001" /><testcase classname="tests.test_common_utils_comprehensive.TestUtilityFunctionIntegration" name="test_logging_configuration_consistency" time="0.001" /><testcase classname="tests.test_common_utils_comprehensive.TestErrorHandlingPatterns" name="test_logging_with_exception_handling" time="0.001" /><testcase classname="tests.test_common_utils_comprehensive.TestErrorHandlingPatterns" name="test_argument_parsing_error_handling" time="0.001" /><testcase classname="tests.test_common_utils_comprehensive.TestErrorHandlingPatterns" name="test_robust_configuration_handling" time="0.001" /><testcase classname="tests.test_connection" name="test_neo4j_connection" time="0.105" /><testcase classname="tests.test_constants.TestModelConfiguration" name="test_model_name_is_valid" time="0.001" /><testcase classname="tests.test_constants.TestModelConfiguration" name="test_embedding_type_consistency" time="0.001" /><testcase classname="tests.test_constants.TestModelConfiguration" name="test_embedding_dimension_is_valid" time="0.001" /><testcase classname="tests.test_constants.TestDatabaseConfiguration" name="test_default_neo4j_uri_format" time="0.001" /><testcase classname="tests.test_constants.TestDatabaseConfiguration" name="test_default_neo4j_port_is_valid" time="0.000" /><testcase classname="tests.test_constants.TestDatabaseConfiguration" name="test_uri_port_consistency" time="0.001" /><testcase classname="tests.test_constants.TestDatabaseConfiguration" name="test_default_credentials_are_strings" time="0.001" /><testcase classname="tests.test_constants.TestCVEConfiguration" name="test_cvss_threshold_range" time="0.001" /><testcase classname="tests.test_constants.TestCVEConfiguration" name="test_max_hops_is_reasonable" time="0.001" /><testcase classname="tests.test_constants.TestCVEConfiguration" name="test_days_back_is_positive" time="0.001" /><testcase classname="tests.test_constants.TestCVEConfiguration" name="test_max_results_is_reasonable" time="0.001" /><testcase classname="tests.test_constants.TestCVEConfiguration" name="test_nvd_api_url_format" time="0.001" /><testcase classname="tests.test_constants.TestCVEConfiguration" name="test_cve_cache_dir_format" time="0.001" /><testcase classname="tests.test_constants.TestFileProcessingConfiguration" name="test_max_file_size_reasonable" time="0.001" /><testcase classname="tests.test_constants.TestFileProcessingConfiguration" name="test_supported_extensions_format" time="0.001" /><testcase classname="tests.test_constants.TestFileProcessingConfiguration" name="test_batch_size_performance" time="0.001" /><testcase classname="tests.test_constants.TestFileProcessingConfiguration" name="test_max_workers_reasonable" time="0.001" /><testcase classname="tests.test_constants.TestGraphAnalysisConfiguration" name="test_pagerank_alpha_range" time="0.001" /><testcase classname="tests.test_constants.TestGraphAnalysisConfiguration" name="test_pagerank_iterations_reasonable" time="0.001" /><testcase classname="tests.test_constants.TestGraphAnalysisConfiguration" name="test_similarity_threshold_range" time="0.001" /><testcase classname="tests.test_constants.TestGraphAnalysisConfiguration" name="test_knn_neighbors_reasonable" time="0.000" /><testcase classname="tests.test_constants.TestLoggingConfiguration" name="test_log_format_structure" time="0.001" /><testcase classname="tests.test_constants.TestLoggingConfiguration" name="test_max_log_file_size_reasonable" time="0.001" /><testcase classname="tests.test_constants.TestPipelineConfiguration" name="test_pipeline_timeout_reasonable" time="0.001" /><testcase classname="tests.test_constants.TestPipelineConfiguration" name="test_max_retries_reasonable" time="0.001" /><testcase classname="tests.test_constants.TestOutputFormattingConfiguration" name="test_summary_line_length_standard" time="0.001" /><testcase classname="tests.test_constants.TestOutputFormattingConfiguration" name="test_progress_bar_width_reasonable" time="0.001" /><testcase classname="tests.test_constants.TestEnvironmentVariablesConfiguration" name="test_env_vars_structure" time="0.001" /><testcase classname="tests.test_constants.TestEnvironmentVariablesConfiguration" name="test_required_env_vars_present" time="0.001" /><testcase classname="tests.test_constants.TestEnvironmentVariablesConfiguration" name="test_env_vars_default_values" time="0.001" /><testcase classname="tests.test_constants.TestStatusIconsConfiguration" name="test_status_icons_completeness" time="0.000" /><testcase classname="tests.test_constants.TestStatusIconsConfiguration" name="test_status_icons_are_unicode" time="0.001" /><testcase classname="tests.test_constants.TestStatusIconsConfiguration" name="test_status_icon_uniqueness" time="0.000" /><testcase classname="tests.test_constants.TestDependencyFilesConfiguration" name="test_dependency_files_structure" time="0.001" /><testcase classname="tests.test_constants.TestDependencyFilesConfiguration" name="test_build_systems_supported" time="0.001" /><testcase classname="tests.test_constants.TestDependencyFilesConfiguration" name="test_dependency_file_patterns" time="0.001" /><testcase classname="tests.test_constants.TestConfigurationConsistency" name="test_batch_size_worker_relationship" time="0.001" /><testcase classname="tests.test_constants.TestConfigurationConsistency" name="test_timeout_retry_relationship" time="0.000" /><testcase classname="tests.test_constants.TestConfigurationConsistency" name="test_similarity_knn_relationship" time="0.001" /><testcase classname="tests.test_constants.TestConfigurationConsistency" name="test_graph_analysis_ranges" time="0.001" /><testcase classname="tests.test_cve_analysis.TestCVECacheManager" name="test_is_cve_relevant_with_matching_component" time="0.001" /><testcase classname="tests.test_cve_analysis.TestCVECacheManager" name="test_is_cve_relevant_with_non_matching_component" time="0.000" /><testcase classname="tests.test_cve_analysis.TestCVECacheManager" name="test_cache_file_creation" time="0.001" /><testcase classname="tests.test_cve_analysis.TestCVECacheManager" name="test_async_rate_limit_concurrent" time="0.002" /><testcase classname="tests.test_cve_analysis.TestCVEAnalyzer" name="test_load_cve_data_from_file" time="0.004" /><testcase classname="tests.test_cve_analysis.TestCVEAnalyzer" name="test_extract_cve_details" time="0.001" /><testcase classname="tests.test_cve_analysis.TestCVEAnalyzer" name="test_extract_component_from_cpe" time="0.001" /><testcase classname="tests.test_cve_analysis.TestCVEAnalyzer" name="test_universal_dependency_matching" time="0.001" /><testcase classname="tests.test_cve_analysis.TestCVEAnalyzer" name="test_universal_component_patterns" time="0.001" /><testcase classname="tests.test_cve_analysis.TestCVEAnalyzer" name="test_component_mapping" time="0.001" /><testcase classname="tests.test_cve_analysis.TestCVEAnalyzer" name="test_cvss_severity_classification" time="0.001" /><testcase classname="tests.test_cve_analysis.TestCVEIntegration" name="test_end_to_end_cve_workflow" time="0.001" /><testcase classname="tests.test_cve_analysis.TestCVEIntegration" name="test_cve_data_loading_integration" time="0.001" /><testcase classname="tests.test_cve_analysis" name="test_cve_schema_constraints" time="0.001" /><testcase classname="tests.test_cve_analysis_comprehensive" name="test_import_resolution" time="0.002" /><testcase classname="tests.test_cve_analysis_comprehensive.TestCVEAnalyzer" name="test_analyzer_initialization_defaults" time="0.001" /><testcase classname="tests.test_cve_analysis_comprehensive.TestCVEAnalyzer" name="test_analyzer_initialization_with_parameters" time="0.001" /><testcase classname="tests.test_cve_analysis_comprehensive.TestCVEAnalyzer" name="test_load_cve_data_valid_file" time="0.002" /><testcase classname="tests.test_cve_analysis_comprehensive.TestCVEAnalyzer" name="test_load_cve_data_missing_file" time="0.001" /><testcase classname="tests.test_cve_analysis_comprehensive.TestCVEAnalyzer" name="test_load_cve_data_invalid_json" time="0.001" /><testcase classname="tests.test_cve_analysis_comprehensive.TestCVEAnalyzer" name="test_get_cache_status" time="0.002" /><testcase classname="tests.test_cve_analysis_comprehensive.TestCVEAnalyzer" name="test_extract_codebase_dependencies_with_data" time="0.002" /><testcase classname="tests.test_cve_analysis_comprehensive.TestCVEAnalyzer" name="test_extract_codebase_dependencies_empty_graph" time="0.002" /><testcase classname="tests.test_cve_analysis_comprehensive.TestCVEAnalyzer" name="test_extract_codebase_dependencies_database_error" time="0.003" /><testcase classname="tests.test_cve_analysis_comprehensive.TestCVEAnalyzer" name="test_create_universal_component_search_terms_maven" time="0.001" /><testcase classname="tests.test_cve_analysis_comprehensive.TestCVEAnalyzer" name="test_create_universal_component_search_terms_npm" time="0.001" /><testcase classname="tests.test_cve_analysis_comprehensive.TestCVEAnalyzer" name="test_create_universal_component_search_terms_empty" time="0.001" /><testcase classname="tests.test_cve_analysis_comprehensive.TestCVEAnalyzer" name="test_create_universal_component_search_terms_malformed_packages" time="0.001" /><testcase classname="tests.test_cve_analysis_comprehensive.TestCVEAnalyzer" name="test_create_vulnerability_graph_success" time="0.002" /><testcase classname="tests.test_cve_analysis_comprehensive.TestCVEAnalyzer" name="test_create_vulnerability_graph_empty_data" time="0.001" /><testcase classname="tests.test_cve_analysis_comprehensive.TestCVEAnalyzer" name="test_analyze_vulnerability_impact_success" time="0.002" /><testcase classname="tests.test_cve_analysis_comprehensive.TestCVEAnalyzer" name="test_analyze_vulnerability_impact_no_vulnerabilities" time="0.000"><skipped type="pytest.skip" message="Complex mock interaction with Neo4j result objects - functionality works in practice">/Users/alexwoolford/neo4j-code-graph/tests/test_cve_analysis_comprehensive.py:382: Complex mock interaction with Neo4j result objects - functionality works in practice</skipped></testcase><testcase classname="tests.test_cve_analysis_comprehensive.TestCVEAnalyzer" name="test_generate_impact_report_with_vulnerabilities" time="0.001" /><testcase classname="tests.test_cve_analysis_comprehensive.TestCVEAnalyzer" name="test_generate_impact_report_empty_vulnerabilities" time="0.001" /><testcase classname="tests.test_cve_analysis_comprehensive.TestMainFunction" name="test_main_cache_status_flag" time="0.003" /><testcase classname="tests.test_cve_analysis_comprehensive.TestMainFunction" name="test_main_clear_partial_cache_flag" time="0.003" /><testcase classname="tests.test_cve_analysis_comprehensive.TestMainFunction" name="test_main_clear_all_cache_confirmed" time="0.003" /><testcase classname="tests.test_cve_analysis_comprehensive.TestMainFunction" name="test_main_clear_all_cache_cancelled" time="0.003" /><testcase classname="tests.test_cve_analysis_comprehensive.TestMainFunction" name="test_main_api_key_info_flag" time="0.002" /><testcase classname="tests.test_cve_analysis_comprehensive.TestMainFunction" name="test_main_no_api_key_declined" time="0.024" /><testcase classname="tests.test_cve_analysis_comprehensive.TestMainFunction" name="test_main_no_dependencies_found" time="0.003" /><testcase classname="tests.test_cve_analysis_comprehensive.TestMainFunction" name="test_main_successful_analysis_with_api_key" time="0.004" /><testcase classname="tests.test_cve_analysis_comprehensive.TestMainFunction" name="test_main_no_cves_found" time="0.004" /><testcase classname="tests.test_cve_analysis_comprehensive.TestErrorHandlingAndEdgeCases" name="test_cve_fetch_network_error" time="0.001" /><testcase classname="tests.test_cve_analysis_comprehensive.TestErrorHandlingAndEdgeCases" name="test_database_connection_failure" time="0.002" /><testcase classname="tests.test_cve_analysis_comprehensive.TestErrorHandlingAndEdgeCases" name="test_malformed_vulnerability_data" time="0.002" /><testcase classname="tests.test_cve_analysis_comprehensive.TestErrorHandlingAndEdgeCases" name="test_command_line_argument_validation" time="0.002" /><testcase classname="tests.test_cve_analysis_comprehensive.TestImportPatterns" name="test_script_execution_import_pattern" time="0.001" /><testcase classname="tests.test_cve_analysis_comprehensive.TestImportPatterns" name="test_package_import_pattern" time="0.001" /><testcase classname="tests.test_cve_analysis_comprehensive.TestImportPatterns" name="test_module_reload_safety" time="0.001" /><testcase classname="tests.test_cve_analysis_comprehensive.TestRealWorldScenarios" name="test_large_dependency_set_handling" time="0.007" /><testcase classname="tests.test_cve_analysis_comprehensive.TestRealWorldScenarios" name="test_unicode_dependency_names" time="0.001" /><testcase classname="tests.test_cve_analysis_comprehensive.TestRealWorldScenarios" name="test_concurrent_execution_safety" time="0.001" /><testcase classname="tests.test_cve_cache_manager_async" name="test_async_rate_limit_enforcement" time="0.001" /><testcase classname="tests.test_cve_cache_manager_cache" name="test_partial_and_complete_cache_roundtrip" time="0.003" /><testcase classname="tests.test_cve_cache_manager_cache" name="test_complete_cache_expiry" time="0.001" /><testcase classname="tests.test_cypher_explain_smoke" name="test_explain_code_analysis_queries" time="0.089" /><testcase classname="tests.test_cypher_explain_smoke" name="test_explain_cve_analysis_queries" time="0.077" /><testcase classname="tests.test_cypher_explain_smoke" name="test_explain_cleanup_show_indexes" time="0.089" /><testcase classname="tests.test_dependency_extraction.TestDependencyInfo" name="test_dependency_info_creation_with_defaults" time="0.001" /><testcase classname="tests.test_dependency_extraction.TestDependencyInfo" name="test_dependency_info_creation_with_custom_values" time="0.003" /><testcase classname="tests.test_dependency_extraction.TestDependencyInfo" name="test_to_neo4j_node_conversion" time="0.001" /><testcase classname="tests.test_dependency_extraction.TestDependencyInfo" name="test_to_neo4j_node_with_unicode_characters" time="0.001" /><testcase classname="tests.test_dependency_extraction.TestEnhancedDependencyExtractor" name="test_extractor_initialization" time="0.002" /><testcase classname="tests.test_dependency_extraction.TestEnhancedDependencyExtractor" name="test_extract_all_dependencies_empty_directory" time="0.004" /><testcase classname="tests.test_dependency_extraction.TestEnhancedDependencyExtractor" name="test_extract_all_dependencies_no_build_files" time="0.009" /><testcase classname="tests.test_dependency_extraction.TestEnhancedDependencyExtractor" name="test_extract_all_dependencies_with_maven_files" time="0.003" /><testcase classname="tests.test_dependency_extraction.TestMavenDependencyExtraction" name="test_extract_maven_dependencies_malformed_xml" time="0.001" /><testcase classname="tests.test_dependency_extraction.TestMavenDependencyExtraction" name="test_extract_maven_dependencies_with_properties" time="0.001" /><testcase classname="tests.test_dependency_extraction.TestMavenDependencyExtraction" name="test_extract_maven_dependencies_with_dependency_management" time="0.002" /><testcase classname="tests.test_dependency_extraction.TestMavenDependencyExtraction" name="test_maven_dependency_parsing_edge_cases" time="0.001" /><testcase classname="tests.test_dependency_extraction.TestGradleDependencyExtraction" name="test_extract_gradle_dependencies_standard_format" time="0.002" /><testcase classname="tests.test_dependency_extraction.TestGradleDependencyExtraction" name="test_extract_gradle_dependencies_with_variables" time="0.001" /><testcase classname="tests.test_dependency_extraction.TestGradleDependencyExtraction" name="test_gradle_scope_extraction" time="0.000" /><testcase classname="tests.test_dependency_extraction.TestGradleDependencyExtraction" name="test_extract_gradle_dependencies_file_not_found" time="0.001" /><testcase classname="tests.test_dependency_extraction.TestPropertyResolver" name="test_property_resolver_initialization" time="0.001" /><testcase classname="tests.test_dependency_extraction.TestPropertyResolver" name="test_resolve_version_no_property" time="0.000" /><testcase classname="tests.test_dependency_extraction.TestPropertyResolver" name="test_resolve_version_with_property" time="0.001" /><testcase classname="tests.test_dependency_extraction.TestPropertyResolver" name="test_resolve_version_unresolved_property" time="0.000" /><testcase classname="tests.test_dependency_extraction.TestPropertyResolver" name="test_resolve_version_malformed_property" time="0.000" /><testcase classname="tests.test_dependency_extraction.TestDependencyDeduplication" name="test_deduplicate_identical_dependencies" time="0.000" /><testcase classname="tests.test_dependency_extraction.TestDependencyDeduplication" name="test_deduplicate_different_scopes_same_gav" time="0.001" /><testcase classname="tests.test_dependency_extraction.TestDependencyDeduplication" name="test_deduplicate_different_versions_same_package" time="0.001" /><testcase classname="tests.test_dependency_extraction.TestIntegrationFunction" name="test_extract_enhanced_dependencies_for_neo4j" time="0.002" /><testcase classname="tests.test_dependency_extraction.TestIntegrationFunction" name="test_extract_enhanced_dependencies_for_neo4j_empty_directory" time="0.001" /><testcase classname="tests.test_dependency_extraction.TestErrorHandling" name="test_extract_all_dependencies_handles_file_processing_errors" time="0.001" /><testcase classname="tests.test_dependency_extraction.TestErrorHandling" name="test_maven_namespace_handling" time="0.000" /><testcase classname="tests.test_dependency_extraction.TestErrorHandling" name="test_maven_properties_extraction_edge_cases" time="0.000" /><testcase classname="tests.test_dependency_extraction_properties" name="test_maven_property_resolution" time="0.002" /><testcase classname="tests.test_dependency_extraction_properties" name="test_gradle_variable_resolution" time="0.002" /><testcase classname="tests.test_dependency_extraction_real" name="test_maven_gav_extraction" time="0.002" /><testcase classname="tests.test_dependency_extraction_real" name="test_gradle_gav_extraction" time="0.002" /><testcase classname="tests.test_dependency_parsing_enhanced" name="test_property_resolver_basic_cases" time="0.000" /><testcase classname="tests.test_dependency_parsing_enhanced" name="test_extract_gradle_scope_parsing" time="0.001" /><testcase classname="tests.test_end_to_end_imports_and_calls_write" name="test_write_imports_and_calls_end_to_end" time="0.271" /><testcase classname="tests.test_ensure_port" name="test_ensure_port[bolt://localhost:7687-bolt://localhost:7687]" time="0.004" /><testcase classname="tests.test_ensure_port" name="test_ensure_port[bolt://localhost-bolt://localhost:7687]" time="0.003" /><testcase classname="tests.test_ensure_port" name="test_ensure_port[neo4j://user:pass@host-neo4j://user:pass@host:7687]" time="0.002" /><testcase classname="tests.test_ensure_port" name="test_ensure_port[neo4j://user@host:9999-neo4j://user@host:9999]" time="0.002" /><testcase classname="tests.test_gav_cve_matcher_comprehensive.TestGAVCoordinate" name="test_gav_coordinate_creation" time="0.001" /><testcase classname="tests.test_gav_cve_matcher_comprehensive.TestGAVCoordinate" name="test_full_coordinate_property" time="0.001" /><testcase classname="tests.test_gav_cve_matcher_comprehensive.TestGAVCoordinate" name="test_package_key_property" time="0.001" /><testcase classname="tests.test_gav_cve_matcher_comprehensive.TestGAVCoordinate" name="test_is_in_range_basic" time="0.001" /><testcase classname="tests.test_gav_cve_matcher_comprehensive.TestGAVCoordinate" name="test_is_in_range_edge_cases" time="0.001" /><testcase classname="tests.test_gav_cve_matcher_comprehensive.TestGAVCoordinate" name="test_is_in_range_swapped_bounds" time="0.001" /><testcase classname="tests.test_gav_cve_matcher_comprehensive.TestGAVCoordinate" name="test_is_in_range_complex_versions" time="0.001" /><testcase classname="tests.test_gav_cve_matcher_comprehensive.TestGAVCoordinate" name="test_is_in_range_invalid_versions" time="0.001" /><testcase classname="tests.test_gav_cve_matcher_comprehensive.TestGAVCoordinate" name="test_is_in_range_real_world_versions" time="0.001" /><testcase classname="tests.test_gav_cve_matcher_comprehensive.TestAffectedProduct" name="test_affected_product_creation" time="0.001" /><testcase classname="tests.test_gav_cve_matcher_comprehensive.TestAffectedProduct" name="test_matches_version_start_including" time="0.001" /><testcase classname="tests.test_gav_cve_matcher_comprehensive.TestAffectedProduct" name="test_matches_version_start_excluding" time="0.001" /><testcase classname="tests.test_gav_cve_matcher_comprehensive.TestAffectedProduct" name="test_matches_version_end_including" time="0.001" /><testcase classname="tests.test_gav_cve_matcher_comprehensive.TestAffectedProduct" name="test_matches_version_end_excluding" time="0.001" /><testcase classname="tests.test_gav_cve_matcher_comprehensive.TestAffectedProduct" name="test_matches_version_range_combination" time="0.001" /><testcase classname="tests.test_gav_cve_matcher_comprehensive.TestAffectedProduct" name="test_matches_version_complex_constraints" time="0.001" /><testcase classname="tests.test_gav_cve_matcher_comprehensive.TestAffectedProduct" name="test_matches_version_invalid_version" time="0.001" /><testcase classname="tests.test_gav_cve_matcher_comprehensive.TestAffectedProduct" name="test_matches_version_no_constraints" time="0.001" /><testcase classname="tests.test_gav_cve_matcher_comprehensive.TestAffectedProduct" name="test_matches_version_real_world_log4j" time="0.001" /><testcase classname="tests.test_gav_cve_matcher_comprehensive.TestAffectedProduct" name="test_matches_version_real_world_jackson" time="0.001" /><testcase classname="tests.test_gav_cve_matcher_comprehensive.TestCVEVulnerability" name="test_cve_vulnerability_creation" time="0.001" /><testcase classname="tests.test_gav_cve_matcher_comprehensive.TestGAVMatcherIntegration" name="test_real_world_vulnerability_scenarios" time="0.001" /><testcase classname="tests.test_gav_cve_matcher_comprehensive.TestGAVMatcherIntegration" name="test_version_edge_cases_comprehensive" time="0.001" /><testcase classname="tests.test_gav_cve_matcher_comprehensive.TestGAVMatcherIntegration" name="test_performance_with_many_constraints" time="0.001" /><testcase classname="tests.test_gav_cve_matcher_comprehensive.TestGAVMatcherIntegration" name="test_boundary_condition_comprehensive" time="0.001" /><testcase classname="tests.test_gds_pagerank_smoke" name="test_pagerank_smoke_projection_and_stream" time="0.001"><skipped type="pytest.skip" message="GDS client incompatible version for this test">/Users/alexwoolford/neo4j-code-graph/tests/test_gds_pagerank_smoke.py:34: GDS client incompatible version for this test</skipped></testcase><testcase classname="tests.test_gds_smoke" name="test_gds_empty_projection_similarity" time="0.217" /><testcase classname="tests.test_gds_smoke" name="test_gds_empty_projection_centrality" time="0.152" /><testcase classname="tests.test_git_analysis_minirepo" name="test_extract_git_history_from_minirepo" time="0.255" /><testcase classname="tests.test_gradle_extraction" name="test_standard_dependency" time="0.002" /><testcase classname="tests.test_gradle_extraction" name="test_map_style_dependency" time="0.001" /><testcase classname="tests.test_imports_and_relationships_real" name="test_import_extraction" time="0.002" /><testcase classname="tests.test_imports_and_relationships_real" name="test_method_file_relationship_shape" time="0.002" /><testcase classname="tests.test_imports_edge_cases" name="test_static_and_wildcard_imports" time="0.002" /><testcase classname="tests.test_java_parsing_real" name="test_extract_simple_class_and_method" time="0.002" /><testcase classname="tests.test_java_parsing_real" name="test_extract_interface_with_method" time="0.002" /><testcase classname="tests.test_knn" name="test_run_knn_creates_projection_and_runs" time="0.003" /><testcase classname="tests.test_knn" name="test_run_knn_without_existing_projection" time="0.003" /><testcase classname="tests.test_louvain" name="test_run_louvain_creates_projection_and_runs" time="0.002" /><testcase classname="tests.test_louvain" name="test_run_louvain_without_existing_projection" time="0.002" /><testcase classname="tests.test_method_call_parsing" name="test_determine_call_target_variants" time="0.000" /><testcase classname="tests.test_method_call_parsing" name="test_extract_method_calls_common_patterns" time="0.001" /><testcase classname="tests.test_method_signature_and_calls" name="test_build_method_signature_formats" time="0.001" /><testcase classname="tests.test_method_signature_and_calls" name="test_extract_method_calls_regex" time="0.001" /><testcase classname="tests.test_pipeline_manager" name="test_has_nvd_api_key" time="0.001" /><testcase classname="tests.test_pipeline_manager_comprehensive.TestPipelineStep" name="test_pipeline_step_creation" time="0.001" /><testcase classname="tests.test_pipeline_manager_comprehensive.TestPipelineStep" name="test_pipeline_step_optional_fields" time="0.001" /><testcase classname="tests.test_pipeline_manager_comprehensive.TestPipelineStep" name="test_pipeline_step_status_transitions" time="0.001" /><testcase classname="tests.test_pipeline_manager_comprehensive.TestPipelineStep" name="test_pipeline_step_execution_time_tracking" time="0.000" /><testcase classname="tests.test_pipeline_manager_comprehensive.TestStepStatus" name="test_step_status_values" time="0.001" /><testcase classname="tests.test_pipeline_manager_comprehensive.TestStepStatus" name="test_step_status_string_representation" time="0.001" /><testcase classname="tests.test_pipeline_manager_comprehensive.TestStepStatus" name="test_step_status_comparison" time="0.000" /><testcase classname="tests.test_pipeline_manager_comprehensive.TestPipelineManagerInitialization" name="test_pipeline_manager_basic_creation" time="0.001" /><testcase classname="tests.test_pipeline_manager_comprehensive.TestPipelineManagerInitialization" name="test_pipeline_manager_with_config" time="0.001" /><testcase classname="tests.test_pipeline_manager_comprehensive.TestPipelineManagerInitialization" name="test_pipeline_manager_default_config" time="0.001" /><testcase classname="tests.test_pipeline_manager_comprehensive.TestPipelineManagerInitialization" name="test_pipeline_manager_step_setup" time="0.001" /><testcase classname="tests.test_pipeline_manager_comprehensive.TestPipelineManagerInitialization" name="test_pipeline_manager_step_names" time="0.001" /><testcase classname="tests.test_pipeline_manager_comprehensive.TestPipelineManagerInitialization" name="test_pipeline_manager_step_properties" time="0.001" /><testcase classname="tests.test_pipeline_manager_comprehensive.TestPipelineManagerStepManagement" name="test_get_step_by_name" time="0.001" /><testcase classname="tests.test_pipeline_manager_comprehensive.TestPipelineManagerStepManagement" name="test_get_pending_steps" time="0.001" /><testcase classname="tests.test_pipeline_manager_comprehensive.TestPipelineManagerStepManagement" name="test_get_completed_steps" time="0.001" /><testcase classname="tests.test_pipeline_manager_comprehensive.TestPipelineManagerStepManagement" name="test_get_failed_steps" time="0.001" /><testcase classname="tests.test_pipeline_manager_comprehensive.TestPipelineManagerStepManagement" name="test_step_filtering_by_required" time="0.001" /><testcase classname="tests.test_pipeline_manager_comprehensive.TestPipelineManagerConfiguration" name="test_config_merge_with_defaults" time="0.001" /><testcase classname="tests.test_pipeline_manager_comprehensive.TestPipelineManagerConfiguration" name="test_config_override_defaults" time="0.001" /><testcase classname="tests.test_pipeline_manager_comprehensive.TestPipelineManagerConfiguration" name="test_config_validation_patterns" time="0.001" /><testcase classname="tests.test_pipeline_manager_comprehensive.TestPipelineManagerConfiguration" name="test_repo_url_validation" time="0.001" /><testcase classname="tests.test_pipeline_manager_comprehensive.TestPipelineManagerStepExecution" name="test_step_execution_timing" time="0.001" /><testcase classname="tests.test_pipeline_manager_comprehensive.TestPipelineManagerStepExecution" name="test_step_timeout_handling" time="0.001" /><testcase classname="tests.test_pipeline_manager_comprehensive.TestPipelineManagerStepExecution" name="test_step_command_construction" time="0.001" /><testcase classname="tests.test_pipeline_manager_comprehensive.TestPipelineManagerStepExecution" name="test_step_argument_validation" time="0.001" /><testcase classname="tests.test_pipeline_manager_comprehensive.TestPipelineManagerProgressTracking" name="test_pipeline_progress_calculation" time="0.001" /><testcase classname="tests.test_pipeline_manager_comprehensive.TestPipelineManagerProgressTracking" name="test_pipeline_execution_timing" time="0.001" /><testcase classname="tests.test_pipeline_manager_comprehensive.TestPipelineManagerProgressTracking" name="test_pipeline_status_summary" time="0.001" /><testcase classname="tests.test_pipeline_manager_comprehensive.TestPipelineManagerErrorHandling" name="test_invalid_repo_url_handling" time="0.001" /><testcase classname="tests.test_pipeline_manager_comprehensive.TestPipelineManagerErrorHandling" name="test_invalid_config_handling" time="0.001" /><testcase classname="tests.test_pipeline_manager_comprehensive.TestPipelineManagerErrorHandling" name="test_step_failure_isolation" time="0.001" /><testcase classname="tests.test_pipeline_manager_comprehensive.TestPipelineManagerErrorHandling" name="test_missing_dependency_handling" time="0.001" /><testcase classname="tests.test_pipeline_manager_comprehensive.TestPipelineManagerIntegration" name="test_realistic_pipeline_configuration" time="0.001" /><testcase classname="tests.test_pipeline_manager_comprehensive.TestPipelineManagerIntegration" name="test_pipeline_with_all_step_types" time="0.001" /><testcase classname="tests.test_pipeline_manager_comprehensive.TestPipelineManagerIntegration" name="test_step_execution_order_logic" time="0.001" /><testcase classname="tests.test_pipeline_references" name="test_scripts_do_not_reference_deleted_files[run_pipeline.sh]" time="0.001" /><testcase classname="tests.test_pipeline_references" name="test_temporal_analysis_module_exists" time="0.001" /><testcase classname="tests.test_pytorch_api_compatibility.TestPyTorchAPICompatibility" name="test_compute_embeddings_bulk_no_invalid_pytorch_calls" time="0.001"><skipped type="pytest.skip" message="PyTorch not available">/Users/alexwoolford/neo4j-code-graph/tests/test_pytorch_api_compatibility.py:42: PyTorch not available</skipped></testcase><testcase classname="tests.test_pytorch_api_compatibility.TestPyTorchAPICompatibility" name="test_device_tensor_to_numpy_compatibility" time="0.001"><skipped type="pytest.skip" message="PyTorch basic APIs not available in this environment">/Users/alexwoolford/neo4j-code-graph/tests/test_pytorch_api_compatibility.py:164: PyTorch basic APIs not available in this environment</skipped></testcase><testcase classname="tests.test_pytorch_api_compatibility.TestPyTorchAPICompatibility" name="test_flash_attention_detection" time="0.000"><skipped type="pytest.skip" message="PyTorch not available">/Users/alexwoolford/neo4j-code-graph/tests/test_pytorch_api_compatibility.py:126: PyTorch not available</skipped></testcase><testcase classname="tests.test_pytorch_api_compatibility.TestPyTorchAPICompatibility" name="test_scaled_dot_product_attention_api" time="0.000"><skipped type="pytest.skip" message="PyTorch not available">/Users/alexwoolford/neo4j-code-graph/tests/test_pytorch_api_compatibility.py:20: PyTorch not available</skipped></testcase><testcase classname="tests.test_pytorch_api_compatibility.TestPyTorchAPICompatibility" name="test_torch_backends_cuda_usage" time="0.001" /><testcase classname="tests.test_schema_management" name="test_schema_management_imports" time="0.000" /><testcase classname="tests.test_schema_management" name="test_constraint_creation" time="0.001" /><testcase classname="tests.test_schema_management" name="test_constraint_syntax" time="0.001" /><testcase classname="tests.test_schema_management" name="test_verify_schema_functions" time="0.001" /><testcase classname="tests.test_schema_management" name="test_natural_key_coverage" time="0.001" /><testcase classname="tests.test_utils" name="test_adds_default_port" time="0.001" /><testcase classname="tests.test_utils" name="test_keeps_existing_port" time="0.000" /><testcase classname="tests.test_utils" name="test_handles_auth" time="0.001" /><testcase classname="tests.test_utils" name="test_get_neo4j_config_reads_env" time="0.001" /></testsuite></testsuites>
